
2014-03-04 18:26:00,458 Trac[main] DEBUG: Dispatching <RequestWithSession "POST '/login'">
2014-03-04 18:26:00,458 Trac[api] WARNING: Unable to find repository '(default)' for synchronization
2014-03-04 18:26:00,459 Trac[web_ui] DEBUG: LoginModule._remote_user: Authentication attempted for 'warnes'
2014-03-04 18:26:00,459 Trac[web_ui] DEBUG: LoginModule.authenticate: Set 'REMOTE_USER' = 'None'
2014-03-04 18:26:00,459 Trac[web_ui] DEBUG: LoginModule.process_request: 'user_locked' = False
2014-03-04 18:26:00,460 Trac[session] DEBUG: Retrieving session for ID '32b2a6ada09e89650fe6d851'
2014-03-04 18:26:00,460 Trac[chrome] DEBUG: Prepare chrome data for request
2014-03-04 18:26:00,461 Trac[perm] DEBUG: No policy allowed anonymous performing TRAC_ADMIN on None
2014-03-04 18:26:00,461 Trac[perm] DEBUG: No policy allowed anonymous performing PERMISSION_GRANT on None
2014-03-04 18:26:00,461 Trac[perm] DEBUG: No policy allowed anonymous performing PERMISSION_REVOKE on None
2014-03-04 18:26:00,462 Trac[perm] DEBUG: No policy allowed anonymous performing TICKET_ADMIN on None
2014-03-04 18:26:00,462 Trac[perm] DEBUG: No policy allowed anonymous performing VERSIONCONTROL_ADMIN on None
2014-03-04 18:26:00,462 Trac[perm] DEBUG: No policy allowed anonymous performing TICKET_CREATE on None
2014-03-04 18:26:00,463 Trac[perm] DEBUG: No policy allowed anonymous performing EMAIL_VIEW on None
2014-03-04 18:26:00,608 Trac[main] DEBUG: Dispatching <RequestWithSession "GET '/chrome/common/css/trac.css'">
2014-03-04 18:26:00,609 Trac[session] DEBUG: Retrieving session for ID '32b2a6ada09e89650fe6d851'
2014-03-04 17:26:00,647 Trac[main] DEBUG: Dispatching <RequestWithSession "GET '/chrome/common/js/search.js'">
2014-03-04 17:26:00,649 Trac[session] DEBUG: Retrieving session for ID '32b2a6ada09e89650fe6d851'
2014-03-04 18:26:00,651 Trac[main] DEBUG: Dispatching <RequestWithSession "GET '/chrome/site/your_project_logo.png'">
2014-03-04 18:26:00,652 Trac[chrome] WARNING: File your_project_logo.png not found in any of ['/prod/trac/htdocs']
2014-03-04 18:26:00,652 Trac[main] WARNING: [173.27.47.83] HTTPNotFound: 404 Not Found (File your_project_logo.png not found)
2014-03-04 18:26:00,653 Trac[session] DEBUG: Retrieving session for ID '32b2a6ada09e89650fe6d851'
2014-03-04 18:26:00,670 Trac[chrome] DEBUG: Prepare chrome data for request
2014-03-04 18:26:00,671 Trac[perm] DEBUG: No policy allowed anonymous performing TRAC_ADMIN on None
2014-03-04 18:26:00,671 Trac[perm] DEBUG: No policy allowed anonymous performing PERMISSION_GRANT on None
2014-03-04 18:26:00,671 Trac[perm] DEBUG: No policy allowed anonymous performing PERMISSION_REVOKE on None
2014-03-04 18:26:00,671 Trac[perm] DEBUG: No policy allowed anonymous performing TICKET_ADMIN on None
2014-03-04 18:26:00,671 Trac[perm] DEBUG: No policy allowed anonymous performing VERSIONCONTROL_ADMIN on None
2014-03-04 18:26:00,672 Trac[perm] DEBUG: No policy allowed anonymous performing TICKET_CREATE on None
2014-03-04 18:26:00,673 Trac[perm] DEBUG: No policy allowed anonymous performing EMAIL_VIEW on None
2014-03-04 17:26:48,226 Trac[env] INFO: -------------------------------- environment startup [Trac 1.0.1] --------------------------------
2014-03-04 17:26:48,240 Trac[loader] DEBUG: Loading acct_mgr.admin from /prod/VirtualEnvs/irrigator_pro/lib/python2.7/site-packages
2014-03-04 17:26:48,272 Trac[loader] DEBUG: Loading acct_mgr.api from /prod/VirtualEnvs/irrigator_pro/lib/python2.7/site-packages
2014-03-04 17:26:48,273 Trac[loader] DEBUG: Loading acct_mgr.db from /prod/VirtualEnvs/irrigator_pro/lib/python2.7/site-packages
2014-03-04 17:26:48,273 Trac[loader] DEBUG: Loading acct_mgr.htfile from /prod/VirtualEnvs/irrigator_pro/lib/python2.7/site-packages
2014-03-04 17:26:48,274 Trac[loader] DEBUG: Loading acct_mgr.http from /prod/VirtualEnvs/irrigator_pro/lib/python2.7/site-packages
2014-03-04 17:26:48,274 Trac[loader] DEBUG: Loading acct_mgr.macros from /prod/VirtualEnvs/irrigator_pro/lib/python2.7/site-packages
2014-03-04 17:26:48,275 Trac[loader] DEBUG: Loading acct_mgr.notification from /prod/VirtualEnvs/irrigator_pro/lib/python2.7/site-packages
2014-03-04 17:26:48,276 Trac[loader] DEBUG: Loading acct_mgr.pwhash from /prod/VirtualEnvs/irrigator_pro/lib/python2.7/site-packages
2014-03-04 17:26:48,276 Trac[loader] DEBUG: Loading acct_mgr.svnserve from /prod/VirtualEnvs/irrigator_pro/lib/python2.7/site-packages
2014-03-04 17:26:48,277 Trac[loader] DEBUG: Loading acct_mgr.web_ui from /prod/VirtualEnvs/irrigator_pro/lib/python2.7/site-packages
2014-03-04 17:26:48,277 Trac[loader] DEBUG: Loading trac.about from /prod/VirtualEnvs/irrigator_pro/lib/python2.7/site-packages
2014-03-04 17:26:48,277 Trac[loader] DEBUG: Loading trac.admin.console from /prod/VirtualEnvs/irrigator_pro/lib/python2.7/site-packages
2014-03-04 17:26:48,284 Trac[loader] DEBUG: Loading trac.admin.web_ui from /prod/VirtualEnvs/irrigator_pro/lib/python2.7/site-packages
2014-03-04 17:26:48,286 Trac[loader] DEBUG: Loading trac.attachment from /prod/VirtualEnvs/irrigator_pro/lib/python2.7/site-packages
2014-03-04 17:26:48,286 Trac[loader] DEBUG: Loading trac.db.mysql from /prod/VirtualEnvs/irrigator_pro/lib/python2.7/site-packages
2014-03-04 17:26:48,287 Trac[loader] DEBUG: Loading trac.db.postgres from /prod/VirtualEnvs/irrigator_pro/lib/python2.7/site-packages
2014-03-04 17:26:48,288 Trac[loader] DEBUG: Loading trac.db.sqlite from /prod/VirtualEnvs/irrigator_pro/lib/python2.7/site-packages
2014-03-04 17:26:48,290 Trac[loader] DEBUG: Loading trac.mimeview.patch from /prod/VirtualEnvs/irrigator_pro/lib/python2.7/site-packages
2014-03-04 17:26:48,291 Trac[loader] DEBUG: Loading trac.mimeview.pygments from /prod/VirtualEnvs/irrigator_pro/lib/python2.7/site-packages
2014-03-04 17:26:48,300 Trac[loader] DEBUG: Loading trac.mimeview.rst from /prod/VirtualEnvs/irrigator_pro/lib/python2.7/site-packages
2014-03-04 17:26:48,373 Trac[loader] DEBUG: Loading trac.mimeview.txtl from /prod/VirtualEnvs/irrigator_pro/lib/python2.7/site-packages
2014-03-04 17:26:48,377 Trac[loader] DEBUG: Skipping "trac.mimeview.txtl = trac.mimeview.txtl [textile]": ("DistributionNotFound: textile>=2.0" not found)
2014-03-04 17:26:48,378 Trac[loader] DEBUG: Loading trac.prefs from /prod/VirtualEnvs/irrigator_pro/lib/python2.7/site-packages
2014-03-04 17:26:48,378 Trac[loader] DEBUG: Loading trac.search from /prod/VirtualEnvs/irrigator_pro/lib/python2.7/site-packages
2014-03-04 17:26:48,379 Trac[loader] DEBUG: Loading trac.ticket.admin from /prod/VirtualEnvs/irrigator_pro/lib/python2.7/site-packages
2014-03-04 17:26:48,380 Trac[loader] DEBUG: Loading trac.ticket.batch from /prod/VirtualEnvs/irrigator_pro/lib/python2.7/site-packages
2014-03-04 17:26:48,381 Trac[loader] DEBUG: Loading trac.ticket.query from /prod/VirtualEnvs/irrigator_pro/lib/python2.7/site-packages
2014-03-04 17:26:48,383 Trac[loader] DEBUG: Loading trac.ticket.report from /prod/VirtualEnvs/irrigator_pro/lib/python2.7/site-packages
2014-03-04 17:26:48,385 Trac[loader] DEBUG: Loading trac.ticket.roadmap from /prod/VirtualEnvs/irrigator_pro/lib/python2.7/site-packages
2014-03-04 17:26:48,386 Trac[loader] DEBUG: Loading trac.ticket.web_ui from /prod/VirtualEnvs/irrigator_pro/lib/python2.7/site-packages
2014-03-04 17:26:48,389 Trac[loader] DEBUG: Loading trac.timeline from /prod/VirtualEnvs/irrigator_pro/lib/python2.7/site-packages
2014-03-04 17:26:48,390 Trac[loader] DEBUG: Loading trac.versioncontrol.admin from /prod/VirtualEnvs/irrigator_pro/lib/python2.7/site-packages
2014-03-04 17:26:48,391 Trac[loader] DEBUG: Loading trac.versioncontrol.svn_authz from /prod/VirtualEnvs/irrigator_pro/lib/python2.7/site-packages
2014-03-04 17:26:48,391 Trac[loader] DEBUG: Loading trac.versioncontrol.web_ui from /prod/VirtualEnvs/irrigator_pro/lib/python2.7/site-packages
2014-03-04 17:26:48,396 Trac[loader] DEBUG: Loading trac.web.auth from /prod/VirtualEnvs/irrigator_pro/lib/python2.7/site-packages
2014-03-04 17:26:48,397 Trac[loader] DEBUG: Loading trac.web.session from /prod/VirtualEnvs/irrigator_pro/lib/python2.7/site-packages
2014-03-04 17:26:48,397 Trac[loader] DEBUG: Loading trac.wiki.admin from /prod/VirtualEnvs/irrigator_pro/lib/python2.7/site-packages
2014-03-04 17:26:48,397 Trac[loader] DEBUG: Loading trac.wiki.interwiki from /prod/VirtualEnvs/irrigator_pro/lib/python2.7/site-packages
2014-03-04 17:26:48,398 Trac[loader] DEBUG: Loading trac.wiki.macros from /prod/VirtualEnvs/irrigator_pro/lib/python2.7/site-packages
2014-03-04 17:26:48,399 Trac[loader] DEBUG: Loading trac.wiki.web_api from /prod/VirtualEnvs/irrigator_pro/lib/python2.7/site-packages
2014-03-04 17:26:48,399 Trac[loader] DEBUG: Loading trac.wiki.web_ui from /prod/VirtualEnvs/irrigator_pro/lib/python2.7/site-packages
2014-03-04 17:26:48,400 Trac[loader] DEBUG: Loading tracdjangoauth.auth_django from /prod/VirtualEnvs/irrigator_pro/lib/python2.7/site-packages
2014-03-04 18:26:48,537 Trac[loader] DEBUG: Loading tracopt.mimeview.enscript from /prod/VirtualEnvs/irrigator_pro/lib/python2.7/site-packages
2014-03-04 18:26:48,538 Trac[loader] DEBUG: Loading tracopt.mimeview.php from /prod/VirtualEnvs/irrigator_pro/lib/python2.7/site-packages
2014-03-04 18:26:48,539 Trac[loader] DEBUG: Loading tracopt.mimeview.silvercity from /prod/VirtualEnvs/irrigator_pro/lib/python2.7/site-packages
2014-03-04 18:26:48,544 Trac[loader] DEBUG: Skipping "tracopt.mimeview.silvercity = tracopt.mimeview.silvercity [silvercity]": ("DistributionNotFound: SilverCity>=0.9.4" not found)
2014-03-04 18:26:48,544 Trac[loader] DEBUG: Loading tracopt.perm.authz_policy from /prod/VirtualEnvs/irrigator_pro/lib/python2.7/site-packages
2014-03-04 18:26:48,545 Trac[loader] DEBUG: Loading tracopt.perm.config_perm_provider from /prod/VirtualEnvs/irrigator_pro/lib/python2.7/site-packages
2014-03-04 18:26:48,545 Trac[loader] DEBUG: Loading tracopt.ticket.clone from /prod/VirtualEnvs/irrigator_pro/lib/python2.7/site-packages
2014-03-04 18:26:48,546 Trac[loader] DEBUG: Loading tracopt.ticket.commit_updater from /prod/VirtualEnvs/irrigator_pro/lib/python2.7/site-packages
2014-03-04 18:26:48,547 Trac[loader] DEBUG: Loading tracopt.ticket.deleter from /prod/VirtualEnvs/irrigator_pro/lib/python2.7/site-packages
2014-03-04 18:26:48,547 Trac[loader] DEBUG: Loading tracopt.versioncontrol.git.git_fs from /prod/VirtualEnvs/irrigator_pro/lib/python2.7/site-packages
2014-03-04 18:26:48,550 Trac[loader] DEBUG: Loading tracopt.versioncontrol.svn.svn_fs from /prod/VirtualEnvs/irrigator_pro/lib/python2.7/site-packages
2014-03-04 18:26:48,551 Trac[loader] DEBUG: Loading tracopt.versioncontrol.svn.svn_prop from /prod/VirtualEnvs/irrigator_pro/lib/python2.7/site-packages
2014-03-04 18:26:48,554 Trac[default_workflow] DEBUG: Workflow actions at initialization: {u'resolve': {u'operations': [u'set_resolution'], 'name': u'resolve', 'default': 0, 'newstate': u'closed', 'oldstates': [u'new', u'assigned', u'accepted', u'reopened'], u'permissions': [u'TICKET_MODIFY']}, u'accept': {u'operations': [u'set_owner_to_self'], 'name': u'accept', 'default': 0, 'newstate': u'accepted', 'oldstates': [u'new', u'assigned', u'accepted', u'reopened'], u'permissions': [u'TICKET_MODIFY']}, u'leave': {u'operations': [u'leave_status'], 'name': u'leave', u'default': 1, 'newstate': u'*', 'oldstates': [u'*'], 'permissions': []}, u'reopen': {u'operations': [u'del_resolution'], 'name': u'reopen', 'default': 0, 'newstate': u'reopened', 'oldstates': [u'closed'], u'permissions': [u'TICKET_CREATE']}, u'reassign': {u'operations': [u'set_owner'], 'name': u'reassign', 'default': 0, 'newstate': u'assigned', 'oldstates': [u'new', u'assigned', u'accepted', u'reopened'], u'permissions': [u'TICKET_MODIFY']}, '_reset': {'operations': ['reset_workflow'], 'name': 'reset', 'default': 0, 'newstate': 'new', 'oldstates': [], 'permissions': []}}

2014-03-04 18:26:48,557 Trac[env] WARNING: base_url option not set in configuration, generated links may be incorrect
2014-03-04 18:26:48,557 Trac[main] DEBUG: Dispatching <RequestWithSession "GET '/login'">
2014-03-04 18:26:48,559 Trac[api] WARNING: Unable to find repository '(default)' for synchronization
2014-03-04 18:26:48,560 Trac[session] DEBUG: Retrieving session for ID '32b2a6ada09e89650fe6d851'
2014-03-04 18:26:48,568 Trac[chrome] DEBUG: Prepare chrome data for request
2014-03-04 18:26:48,570 Trac[api] DEBUG: action controllers for ticket workflow: ['ConfigurableTicketWorkflow']
2014-03-04 18:26:48,571 Trac[perm] DEBUG: No policy allowed anonymous performing TRAC_ADMIN on None
2014-03-04 18:26:48,571 Trac[perm] DEBUG: No policy allowed anonymous performing PERMISSION_GRANT on None
2014-03-04 18:26:48,571 Trac[perm] DEBUG: No policy allowed anonymous performing PERMISSION_REVOKE on None
2014-03-04 18:26:48,572 Trac[perm] DEBUG: No policy allowed anonymous performing TICKET_ADMIN on None
2014-03-04 18:26:48,572 Trac[perm] DEBUG: No policy allowed anonymous performing VERSIONCONTROL_ADMIN on None
2014-03-04 18:26:48,573 Trac[perm] DEBUG: No policy allowed anonymous performing TICKET_CREATE on None
2014-03-04 18:26:48,574 Trac[perm] DEBUG: No policy allowed anonymous performing EMAIL_VIEW on None
2014-03-04 18:26:48,750 Trac[main] DEBUG: Dispatching <RequestWithSession "GET '/chrome/common/css/trac.css'">
2014-03-04 18:26:48,751 Trac[session] DEBUG: Retrieving session for ID '32b2a6ada09e89650fe6d851'
2014-03-04 17:26:49,036 Trac[env] INFO: -------------------------------- environment startup [Trac 1.0.1] --------------------------------
2014-03-04 17:26:49,051 Trac[loader] DEBUG: Loading acct_mgr.admin from /prod/VirtualEnvs/irrigator_pro/lib/python2.7/site-packages
2014-03-04 17:26:49,083 Trac[loader] DEBUG: Loading acct_mgr.api from /prod/VirtualEnvs/irrigator_pro/lib/python2.7/site-packages
2014-03-04 17:26:49,084 Trac[loader] DEBUG: Loading acct_mgr.db from /prod/VirtualEnvs/irrigator_pro/lib/python2.7/site-packages
2014-03-04 17:26:49,084 Trac[loader] DEBUG: Loading acct_mgr.htfile from /prod/VirtualEnvs/irrigator_pro/lib/python2.7/site-packages
2014-03-04 17:26:49,085 Trac[loader] DEBUG: Loading acct_mgr.http from /prod/VirtualEnvs/irrigator_pro/lib/python2.7/site-packages
2014-03-04 17:26:49,085 Trac[loader] DEBUG: Loading acct_mgr.macros from /prod/VirtualEnvs/irrigator_pro/lib/python2.7/site-packages
2014-03-04 17:26:49,086 Trac[loader] DEBUG: Loading acct_mgr.notification from /prod/VirtualEnvs/irrigator_pro/lib/python2.7/site-packages
2014-03-04 17:26:49,087 Trac[loader] DEBUG: Loading acct_mgr.pwhash from /prod/VirtualEnvs/irrigator_pro/lib/python2.7/site-packages
2014-03-04 17:26:49,087 Trac[loader] DEBUG: Loading acct_mgr.svnserve from /prod/VirtualEnvs/irrigator_pro/lib/python2.7/site-packages
2014-03-04 17:26:49,087 Trac[loader] DEBUG: Loading acct_mgr.web_ui from /prod/VirtualEnvs/irrigator_pro/lib/python2.7/site-packages
2014-03-04 17:26:49,088 Trac[loader] DEBUG: Loading trac.about from /prod/VirtualEnvs/irrigator_pro/lib/python2.7/site-packages
2014-03-04 17:26:49,088 Trac[loader] DEBUG: Loading trac.admin.console from /prod/VirtualEnvs/irrigator_pro/lib/python2.7/site-packages
2014-03-04 17:26:49,095 Trac[loader] DEBUG: Loading trac.admin.web_ui from /prod/VirtualEnvs/irrigator_pro/lib/python2.7/site-packages
2014-03-04 17:26:49,097 Trac[loader] DEBUG: Loading trac.attachment from /prod/VirtualEnvs/irrigator_pro/lib/python2.7/site-packages
2014-03-04 17:26:49,097 Trac[loader] DEBUG: Loading trac.db.mysql from /prod/VirtualEnvs/irrigator_pro/lib/python2.7/site-packages
2014-03-04 17:26:49,098 Trac[loader] DEBUG: Loading trac.db.postgres from /prod/VirtualEnvs/irrigator_pro/lib/python2.7/site-packages
2014-03-04 17:26:49,099 Trac[loader] DEBUG: Loading trac.db.sqlite from /prod/VirtualEnvs/irrigator_pro/lib/python2.7/site-packages
2014-03-04 17:26:49,101 Trac[loader] DEBUG: Loading trac.mimeview.patch from /prod/VirtualEnvs/irrigator_pro/lib/python2.7/site-packages
2014-03-04 17:26:49,102 Trac[loader] DEBUG: Loading trac.mimeview.pygments from /prod/VirtualEnvs/irrigator_pro/lib/python2.7/site-packages
2014-03-04 17:26:49,111 Trac[loader] DEBUG: Loading trac.mimeview.rst from /prod/VirtualEnvs/irrigator_pro/lib/python2.7/site-packages
2014-03-04 17:26:49,184 Trac[loader] DEBUG: Loading trac.mimeview.txtl from /prod/VirtualEnvs/irrigator_pro/lib/python2.7/site-packages
2014-03-04 17:26:49,188 Trac[loader] DEBUG: Skipping "trac.mimeview.txtl = trac.mimeview.txtl [textile]": ("DistributionNotFound: textile>=2.0" not found)
2014-03-04 17:26:49,188 Trac[loader] DEBUG: Loading trac.prefs from /prod/VirtualEnvs/irrigator_pro/lib/python2.7/site-packages
2014-03-04 17:26:49,189 Trac[loader] DEBUG: Loading trac.search from /prod/VirtualEnvs/irrigator_pro/lib/python2.7/site-packages
2014-03-04 17:26:49,190 Trac[loader] DEBUG: Loading trac.ticket.admin from /prod/VirtualEnvs/irrigator_pro/lib/python2.7/site-packages
2014-03-04 17:26:49,191 Trac[loader] DEBUG: Loading trac.ticket.batch from /prod/VirtualEnvs/irrigator_pro/lib/python2.7/site-packages
2014-03-04 17:26:49,192 Trac[loader] DEBUG: Loading trac.ticket.query from /prod/VirtualEnvs/irrigator_pro/lib/python2.7/site-packages
2014-03-04 17:26:49,194 Trac[loader] DEBUG: Loading trac.ticket.report from /prod/VirtualEnvs/irrigator_pro/lib/python2.7/site-packages
2014-03-04 17:26:49,195 Trac[loader] DEBUG: Loading trac.ticket.roadmap from /prod/VirtualEnvs/irrigator_pro/lib/python2.7/site-packages
2014-03-04 17:26:49,197 Trac[loader] DEBUG: Loading trac.ticket.web_ui from /prod/VirtualEnvs/irrigator_pro/lib/python2.7/site-packages
2014-03-04 17:26:49,200 Trac[loader] DEBUG: Loading trac.timeline from /prod/VirtualEnvs/irrigator_pro/lib/python2.7/site-packages
2014-03-04 17:26:49,201 Trac[loader] DEBUG: Loading trac.versioncontrol.admin from /prod/VirtualEnvs/irrigator_pro/lib/python2.7/site-packages
2014-03-04 17:26:49,202 Trac[loader] DEBUG: Loading trac.versioncontrol.svn_authz from /prod/VirtualEnvs/irrigator_pro/lib/python2.7/site-packages
2014-03-04 17:26:49,202 Trac[loader] DEBUG: Loading trac.versioncontrol.web_ui from /prod/VirtualEnvs/irrigator_pro/lib/python2.7/site-packages
2014-03-04 17:26:49,207 Trac[loader] DEBUG: Loading trac.web.auth from /prod/VirtualEnvs/irrigator_pro/lib/python2.7/site-packages
2014-03-04 17:26:49,208 Trac[loader] DEBUG: Loading trac.web.session from /prod/VirtualEnvs/irrigator_pro/lib/python2.7/site-packages
2014-03-04 17:26:49,208 Trac[loader] DEBUG: Loading trac.wiki.admin from /prod/VirtualEnvs/irrigator_pro/lib/python2.7/site-packages
2014-03-04 17:26:49,208 Trac[loader] DEBUG: Loading trac.wiki.interwiki from /prod/VirtualEnvs/irrigator_pro/lib/python2.7/site-packages
2014-03-04 17:26:49,209 Trac[loader] DEBUG: Loading trac.wiki.macros from /prod/VirtualEnvs/irrigator_pro/lib/python2.7/site-packages
2014-03-04 17:26:49,209 Trac[loader] DEBUG: Loading trac.wiki.web_api from /prod/VirtualEnvs/irrigator_pro/lib/python2.7/site-packages
2014-03-04 17:26:49,210 Trac[loader] DEBUG: Loading trac.wiki.web_ui from /prod/VirtualEnvs/irrigator_pro/lib/python2.7/site-packages
2014-03-04 17:26:49,211 Trac[loader] DEBUG: Loading tracdjangoauth.auth_django from /prod/VirtualEnvs/irrigator_pro/lib/python2.7/site-packages
2014-03-04 18:26:49,349 Trac[loader] DEBUG: Loading tracopt.mimeview.enscript from /prod/VirtualEnvs/irrigator_pro/lib/python2.7/site-packages
2014-03-04 18:26:49,350 Trac[loader] DEBUG: Loading tracopt.mimeview.php from /prod/VirtualEnvs/irrigator_pro/lib/python2.7/site-packages
2014-03-04 18:26:49,351 Trac[loader] DEBUG: Loading tracopt.mimeview.silvercity from /prod/VirtualEnvs/irrigator_pro/lib/python2.7/site-packages
2014-03-04 18:26:49,355 Trac[loader] DEBUG: Skipping "tracopt.mimeview.silvercity = tracopt.mimeview.silvercity [silvercity]": ("DistributionNotFound: SilverCity>=0.9.4" not found)
2014-03-04 18:26:49,356 Trac[loader] DEBUG: Loading tracopt.perm.authz_policy from /prod/VirtualEnvs/irrigator_pro/lib/python2.7/site-packages
2014-03-04 18:26:49,356 Trac[loader] DEBUG: Loading tracopt.perm.config_perm_provider from /prod/VirtualEnvs/irrigator_pro/lib/python2.7/site-packages
2014-03-04 18:26:49,357 Trac[loader] DEBUG: Loading tracopt.ticket.clone from /prod/VirtualEnvs/irrigator_pro/lib/python2.7/site-packages
2014-03-04 18:26:49,357 Trac[loader] DEBUG: Loading tracopt.ticket.commit_updater from /prod/VirtualEnvs/irrigator_pro/lib/python2.7/site-packages
2014-03-04 18:26:49,358 Trac[loader] DEBUG: Loading tracopt.ticket.deleter from /prod/VirtualEnvs/irrigator_pro/lib/python2.7/site-packages
2014-03-04 18:26:49,359 Trac[loader] DEBUG: Loading tracopt.versioncontrol.git.git_fs from /prod/VirtualEnvs/irrigator_pro/lib/python2.7/site-packages
2014-03-04 18:26:49,362 Trac[loader] DEBUG: Loading tracopt.versioncontrol.svn.svn_fs from /prod/VirtualEnvs/irrigator_pro/lib/python2.7/site-packages
2014-03-04 18:26:49,363 Trac[loader] DEBUG: Loading tracopt.versioncontrol.svn.svn_prop from /prod/VirtualEnvs/irrigator_pro/lib/python2.7/site-packages
2014-03-04 18:26:49,365 Trac[default_workflow] DEBUG: Workflow actions at initialization: {u'resolve': {u'operations': [u'set_resolution'], 'name': u'resolve', 'default': 0, 'newstate': u'closed', 'oldstates': [u'new', u'assigned', u'accepted', u'reopened'], u'permissions': [u'TICKET_MODIFY']}, u'accept': {u'operations': [u'set_owner_to_self'], 'name': u'accept', 'default': 0, 'newstate': u'accepted', 'oldstates': [u'new', u'assigned', u'accepted', u'reopened'], u'permissions': [u'TICKET_MODIFY']}, u'leave': {u'operations': [u'leave_status'], 'name': u'leave', u'default': 1, 'newstate': u'*', 'oldstates': [u'*'], 'permissions': []}, u'reopen': {u'operations': [u'del_resolution'], 'name': u'reopen', 'default': 0, 'newstate': u'reopened', 'oldstates': [u'closed'], u'permissions': [u'TICKET_CREATE']}, u'reassign': {u'operations': [u'set_owner'], 'name': u'reassign', 'default': 0, 'newstate': u'assigned', 'oldstates': [u'new', u'assigned', u'accepted', u'reopened'], u'permissions': [u'TICKET_MODIFY']}, '_reset': {'operations': ['reset_workflow'], 'name': 'reset', 'default': 0, 'newstate': 'new', 'oldstates': [], 'permissions': []}}

2014-03-04 18:26:49,368 Trac[env] WARNING: base_url option not set in configuration, generated links may be incorrect
2014-03-04 18:26:49,369 Trac[main] DEBUG: Dispatching <RequestWithSession "GET '/chrome/site/your_project_logo.png'">
2014-03-04 18:26:49,370 Trac[chrome] WARNING: File your_project_logo.png not found in any of ['/prod/trac/htdocs']
2014-03-04 18:26:49,371 Trac[main] WARNING: [173.27.47.83] HTTPNotFound: 404 Not Found (File your_project_logo.png not found)
2014-03-04 18:26:49,371 Trac[session] DEBUG: Retrieving session for ID '32b2a6ada09e89650fe6d851'
2014-03-04 18:26:49,391 Trac[chrome] DEBUG: Prepare chrome data for request
2014-03-04 18:26:49,393 Trac[api] DEBUG: action controllers for ticket workflow: ['ConfigurableTicketWorkflow']
2014-03-04 18:26:49,394 Trac[perm] DEBUG: No policy allowed anonymous performing TRAC_ADMIN on None
2014-03-04 18:26:49,394 Trac[perm] DEBUG: No policy allowed anonymous performing PERMISSION_GRANT on None
2014-03-04 18:26:49,395 Trac[perm] DEBUG: No policy allowed anonymous performing PERMISSION_REVOKE on None
2014-03-04 18:26:49,395 Trac[perm] DEBUG: No policy allowed anonymous performing TICKET_ADMIN on None
2014-03-04 18:26:49,395 Trac[perm] DEBUG: No policy allowed anonymous performing VERSIONCONTROL_ADMIN on None
2014-03-04 18:26:49,396 Trac[perm] DEBUG: No policy allowed anonymous performing TICKET_CREATE on None
2014-03-04 18:26:49,397 Trac[perm] DEBUG: No policy allowed anonymous performing EMAIL_VIEW on None
2014-03-04 18:28:16,669 Trac[main] DEBUG: Dispatching <RequestWithSession "POST '/login'">
2014-03-04 18:28:16,670 Trac[api] WARNING: Unable to find repository '(default)' for synchronization
2014-03-04 18:28:16,671 Trac[web_ui] DEBUG: LoginModule._remote_user: Authentication attempted for 'warnes'
2014-03-04 18:28:16,671 Trac[auth_django] DEBUG: acct_mgr: checking password...
2014-03-04 18:28:16,881 Trac[auth_django] DEBUG: acct_mgr: user warnes authenticated
2014-03-04 18:28:16,881 Trac[web_ui] DEBUG: LoginModule.authenticate: Set 'REMOTE_USER' = 'warnes'
2014-03-04 18:28:16,901 Trac[session] DEBUG: Retrieving session for ID u'warnes'
2014-03-04 18:28:16,969 Trac[main] DEBUG: Dispatching <RequestWithSession "GET '/'">
2014-03-04 18:28:16,973 Trac[api] WARNING: Unable to find repository '(default)' for synchronization
2014-03-04 18:28:16,974 Trac[session] DEBUG: Retrieving session for ID u'warnes'
2014-03-04 18:28:16,975 Trac[chrome] DEBUG: Prepare chrome data for request
2014-03-04 18:28:16,976 Trac[perm] DEBUG: No policy allowed warnes performing TRAC_ADMIN on None
2014-03-04 18:28:16,977 Trac[perm] DEBUG: No policy allowed warnes performing PERMISSION_GRANT on None
2014-03-04 18:28:16,977 Trac[perm] DEBUG: No policy allowed warnes performing PERMISSION_REVOKE on None
2014-03-04 18:28:16,977 Trac[perm] DEBUG: No policy allowed warnes performing TICKET_ADMIN on None
2014-03-04 18:28:16,977 Trac[perm] DEBUG: No policy allowed warnes performing VERSIONCONTROL_ADMIN on None
2014-03-04 18:28:16,993 Trac[perm] DEBUG: No policy allowed warnes performing EMAIL_VIEW on None
2014-03-04 18:28:17,039 Trac[perm] DEBUG: No policy allowed warnes performing WIKI_ADMIN on <Resource u'wiki:WikiStart'>
2014-03-04 18:28:17,133 Trac[perm] DEBUG: No policy allowed warnes performing WIKI_DELETE on <Resource u'wiki:WikiStart'>
2014-03-04 18:28:17,133 Trac[perm] DEBUG: No policy allowed warnes performing WIKI_RENAME on <Resource u'wiki:WikiStart'>
2014-03-04 18:28:17,251 Trac[main] DEBUG: Dispatching <RequestWithSession "GET '/chrome/common/css/trac.css'">
2014-03-04 18:28:17,252 Trac[session] DEBUG: Retrieving session for ID u'warnes'
2014-03-04 18:28:17,298 Trac[main] DEBUG: Dispatching <RequestWithSession "GET '/chrome/common/css/wiki.css'">
2014-03-04 18:28:17,300 Trac[session] DEBUG: Retrieving session for ID u'warnes'
2014-03-04 18:28:17,301 Trac[main] DEBUG: Dispatching <RequestWithSession "GET '/chrome/common/js/jquery.js'">
2014-03-04 18:28:17,303 Trac[session] DEBUG: Retrieving session for ID u'warnes'
2014-03-04 18:28:17,315 Trac[main] DEBUG: Dispatching <RequestWithSession "GET '/chrome/common/js/trac.js'">
2014-03-04 18:28:17,317 Trac[session] DEBUG: Retrieving session for ID u'warnes'
2014-03-04 18:28:17,323 Trac[main] DEBUG: Dispatching <RequestWithSession "GET '/chrome/site/your_project_logo.png'">
2014-03-04 18:28:17,324 Trac[chrome] WARNING: File your_project_logo.png not found in any of ['/prod/trac/htdocs']
2014-03-04 18:28:17,324 Trac[main] WARNING: [173.27.47.83] HTTPNotFound: 404 Not Found (File your_project_logo.png not found)
2014-03-04 18:28:17,325 Trac[session] DEBUG: Retrieving session for ID u'warnes'
2014-03-04 18:28:17,323 Trac[main] DEBUG: Dispatching <RequestWithSession "GET '/chrome/common/js/folding.js'">
2014-03-04 18:28:17,332 Trac[session] DEBUG: Retrieving session for ID u'warnes'
2014-03-04 18:28:17,364 Trac[chrome] DEBUG: Prepare chrome data for request
2014-03-04 18:28:17,365 Trac[perm] DEBUG: No policy allowed warnes performing TRAC_ADMIN on None
2014-03-04 18:28:17,366 Trac[perm] DEBUG: No policy allowed warnes performing PERMISSION_GRANT on None
2014-03-04 18:28:17,366 Trac[perm] DEBUG: No policy allowed warnes performing PERMISSION_REVOKE on None
2014-03-04 18:28:17,366 Trac[perm] DEBUG: No policy allowed warnes performing TICKET_ADMIN on None
2014-03-04 18:28:17,366 Trac[perm] DEBUG: No policy allowed warnes performing VERSIONCONTROL_ADMIN on None
2014-03-04 18:28:17,368 Trac[perm] DEBUG: No policy allowed warnes performing EMAIL_VIEW on None
2014-03-04 18:28:17,475 Trac[main] DEBUG: Dispatching <RequestWithSession "GET '/chrome/common/css/code.css'">
2014-03-04 18:28:17,477 Trac[session] DEBUG: Retrieving session for ID u'warnes'
2014-03-04 18:28:17,497 Trac[main] DEBUG: Dispatching <RequestWithSession "GET '/chrome/common/trac_logo_mini.png'">
2014-03-04 18:28:17,498 Trac[session] DEBUG: Retrieving session for ID u'warnes'
2014-03-04 18:28:17,567 Trac[main] DEBUG: Dispatching <RequestWithSession "GET '/chrome/site/your_project_logo.png'">
2014-03-04 18:28:17,568 Trac[chrome] WARNING: File your_project_logo.png not found in any of ['/prod/trac/htdocs']
2014-03-04 18:28:17,568 Trac[main] WARNING: [173.27.47.83] HTTPNotFound: 404 Not Found (File your_project_logo.png not found)
2014-03-04 18:28:17,569 Trac[session] DEBUG: Retrieving session for ID u'warnes'
2014-03-04 18:28:17,569 Trac[chrome] DEBUG: Prepare chrome data for request
2014-03-04 18:28:17,570 Trac[perm] DEBUG: No policy allowed warnes performing TRAC_ADMIN on None
2014-03-04 18:28:17,571 Trac[perm] DEBUG: No policy allowed warnes performing PERMISSION_GRANT on None
2014-03-04 18:28:17,571 Trac[perm] DEBUG: No policy allowed warnes performing PERMISSION_REVOKE on None
2014-03-04 18:28:17,571 Trac[perm] DEBUG: No policy allowed warnes performing TICKET_ADMIN on None
2014-03-04 18:28:17,572 Trac[perm] DEBUG: No policy allowed warnes performing VERSIONCONTROL_ADMIN on None
2014-03-04 18:28:17,573 Trac[perm] DEBUG: No policy allowed warnes performing EMAIL_VIEW on None
2014-03-04 18:28:17,579 Trac[main] DEBUG: Dispatching <RequestWithSession "GET '/chrome/common/topbar_gradient.png'">
2014-03-04 18:28:17,580 Trac[session] DEBUG: Retrieving session for ID u'warnes'
2014-03-04 18:28:17,588 Trac[main] DEBUG: Dispatching <RequestWithSession "GET '/chrome/common/extlink.gif'">
2014-03-04 18:28:17,589 Trac[session] DEBUG: Retrieving session for ID u'warnes'
2014-03-04 18:28:17,601 Trac[main] DEBUG: Dispatching <RequestWithSession "GET '/chrome/common/topbar_gradient2.png'">
2014-03-04 18:28:17,602 Trac[session] DEBUG: Retrieving session for ID u'warnes'
2014-03-04 18:29:41,074 Trac[main] DEBUG: Dispatching <RequestWithSession "GET '/chrome/common/topbar_gradient2.png'">
2014-03-04 18:29:41,076 Trac[session] DEBUG: Retrieving session for ID u'warnes'
2014-03-04 18:29:42,682 Trac[main] DEBUG: Dispatching <RequestWithSession "GET '/logout'">
2014-03-04 18:29:42,683 Trac[api] WARNING: Unable to find repository '(default)' for synchronization
2014-03-04 18:29:42,709 Trac[session] DEBUG: Retrieving session for ID u'warnes'
2014-03-04 18:29:42,768 Trac[main] DEBUG: Dispatching <RequestWithSession "GET '/'">
2014-03-04 18:29:42,771 Trac[api] WARNING: Unable to find repository '(default)' for synchronization
2014-03-04 18:29:42,772 Trac[chrome] DEBUG: Prepare chrome data for request
2014-03-04 18:29:42,773 Trac[perm] DEBUG: No policy allowed anonymous performing TRAC_ADMIN on None
2014-03-04 18:29:42,773 Trac[perm] DEBUG: No policy allowed anonymous performing PERMISSION_GRANT on None
2014-03-04 18:29:42,773 Trac[perm] DEBUG: No policy allowed anonymous performing PERMISSION_REVOKE on None
2014-03-04 18:29:42,773 Trac[perm] DEBUG: No policy allowed anonymous performing TICKET_ADMIN on None
2014-03-04 18:29:42,774 Trac[perm] DEBUG: No policy allowed anonymous performing VERSIONCONTROL_ADMIN on None
2014-03-04 18:29:42,774 Trac[perm] DEBUG: No policy allowed anonymous performing TICKET_CREATE on None
2014-03-04 18:29:42,776 Trac[perm] DEBUG: No policy allowed anonymous performing WIKI_MODIFY on <Resource u'wiki:WikiStart'>
2014-03-04 18:29:42,776 Trac[attachment] DEBUG: LegacyAttachmentPolicy denied anonymous access to <Resource u'wiki:WikiStart, attachment'>. User needs WIKI_MODIFY
2014-03-04 18:29:42,776 Trac[perm] DEBUG: LegacyAttachmentPolicy denies anonymous performing ATTACHMENT_CREATE on <Resource u'wiki:WikiStart, attachment'>
2014-03-04 18:29:42,777 Trac[perm] DEBUG: No policy allowed anonymous performing EMAIL_VIEW on None
2014-03-04 18:29:42,792 Trac[perm] DEBUG: No policy allowed anonymous performing WIKI_ADMIN on <Resource u'wiki:WikiStart'>
2014-03-04 18:29:42,818 Trac[perm] DEBUG: No policy allowed anonymous performing WIKI_DELETE on <Resource u'wiki:WikiStart'>
2014-03-04 18:29:42,818 Trac[perm] DEBUG: No policy allowed anonymous performing WIKI_RENAME on <Resource u'wiki:WikiStart'>
2014-03-04 18:29:42,946 Trac[main] DEBUG: Dispatching <RequestWithSession "GET '/chrome/common/css/trac.css'">
2014-03-04 18:29:42,947 Trac[session] DEBUG: Retrieving session for ID '891b20fc6f454d9dc59fad12'
2014-03-04 18:29:42,977 Trac[main] DEBUG: Dispatching <RequestWithSession "GET '/chrome/common/css/wiki.css'">
2014-03-04 18:29:42,978 Trac[session] DEBUG: Retrieving session for ID '891b20fc6f454d9dc59fad12'
2014-03-04 18:29:42,980 Trac[main] DEBUG: Dispatching <RequestWithSession "GET '/chrome/common/js/jquery.js'">
2014-03-04 18:29:42,981 Trac[session] DEBUG: Retrieving session for ID '891b20fc6f454d9dc59fad12'
2014-03-04 18:29:43,009 Trac[main] DEBUG: Dispatching <RequestWithSession "GET '/chrome/common/js/trac.js'">
2014-03-04 18:29:43,010 Trac[session] DEBUG: Retrieving session for ID '891b20fc6f454d9dc59fad12'
2014-03-04 18:29:43,013 Trac[main] DEBUG: Dispatching <RequestWithSession "GET '/chrome/common/js/folding.js'">
2014-03-04 18:29:43,014 Trac[session] DEBUG: Retrieving session for ID '891b20fc6f454d9dc59fad12'
2014-03-04 18:29:43,020 Trac[main] DEBUG: Dispatching <RequestWithSession "GET '/chrome/site/your_project_logo.png'">
2014-03-04 18:29:43,020 Trac[chrome] WARNING: File your_project_logo.png not found in any of ['/prod/trac/htdocs']
2014-03-04 18:29:43,020 Trac[main] WARNING: [173.27.47.83] HTTPNotFound: 404 Not Found (File your_project_logo.png not found)
2014-03-04 18:29:43,021 Trac[session] DEBUG: Retrieving session for ID '891b20fc6f454d9dc59fad12'
2014-03-04 18:29:43,021 Trac[chrome] DEBUG: Prepare chrome data for request
2014-03-04 18:29:43,022 Trac[perm] DEBUG: No policy allowed anonymous performing TRAC_ADMIN on None
2014-03-04 18:29:43,023 Trac[perm] DEBUG: No policy allowed anonymous performing PERMISSION_GRANT on None
2014-03-04 18:29:43,023 Trac[perm] DEBUG: No policy allowed anonymous performing PERMISSION_REVOKE on None
2014-03-04 18:29:43,023 Trac[perm] DEBUG: No policy allowed anonymous performing TICKET_ADMIN on None
2014-03-04 18:29:43,023 Trac[perm] DEBUG: No policy allowed anonymous performing VERSIONCONTROL_ADMIN on None
2014-03-04 18:29:43,024 Trac[perm] DEBUG: No policy allowed anonymous performing TICKET_CREATE on None
2014-03-04 18:29:43,025 Trac[perm] DEBUG: No policy allowed anonymous performing EMAIL_VIEW on None
2014-03-04 18:29:43,116 Trac[main] DEBUG: Dispatching <RequestWithSession "GET '/chrome/common/css/code.css'">
2014-03-04 18:29:43,117 Trac[session] DEBUG: Retrieving session for ID '891b20fc6f454d9dc59fad12'
2014-03-04 18:29:43,122 Trac[main] DEBUG: Dispatching <RequestWithSession "GET '/chrome/common/trac_logo_mini.png'">
2014-03-04 18:29:43,123 Trac[session] DEBUG: Retrieving session for ID '891b20fc6f454d9dc59fad12'
2014-03-04 18:29:43,196 Trac[main] DEBUG: Dispatching <RequestWithSession "GET '/chrome/site/your_project_logo.png'">
2014-03-04 18:29:43,196 Trac[chrome] WARNING: File your_project_logo.png not found in any of ['/prod/trac/htdocs']
2014-03-04 18:29:43,197 Trac[main] WARNING: [173.27.47.83] HTTPNotFound: 404 Not Found (File your_project_logo.png not found)
2014-03-04 18:29:43,197 Trac[session] DEBUG: Retrieving session for ID '891b20fc6f454d9dc59fad12'
2014-03-04 18:29:43,198 Trac[chrome] DEBUG: Prepare chrome data for request
2014-03-04 18:29:43,198 Trac[perm] DEBUG: No policy allowed anonymous performing TRAC_ADMIN on None
2014-03-04 18:29:43,199 Trac[perm] DEBUG: No policy allowed anonymous performing PERMISSION_GRANT on None
2014-03-04 18:29:43,199 Trac[perm] DEBUG: No policy allowed anonymous performing PERMISSION_REVOKE on None
2014-03-04 18:29:43,199 Trac[perm] DEBUG: No policy allowed anonymous performing TICKET_ADMIN on None
2014-03-04 18:29:43,199 Trac[perm] DEBUG: No policy allowed anonymous performing VERSIONCONTROL_ADMIN on None
2014-03-04 18:29:43,200 Trac[perm] DEBUG: No policy allowed anonymous performing TICKET_CREATE on None
2014-03-04 18:29:43,201 Trac[perm] DEBUG: No policy allowed anonymous performing EMAIL_VIEW on None
2014-03-04 18:29:43,208 Trac[main] DEBUG: Dispatching <RequestWithSession "GET '/chrome/common/topbar_gradient.png'">
2014-03-04 18:29:43,209 Trac[session] DEBUG: Retrieving session for ID '891b20fc6f454d9dc59fad12'
2014-03-04 18:29:43,212 Trac[main] DEBUG: Dispatching <RequestWithSession "GET '/chrome/common/extlink.gif'">
2014-03-04 18:29:43,213 Trac[session] DEBUG: Retrieving session for ID '891b20fc6f454d9dc59fad12'
2014-03-04 18:29:45,929 Trac[main] DEBUG: Dispatching <RequestWithSession "GET '/login'">
2014-03-04 18:29:45,930 Trac[api] WARNING: Unable to find repository '(default)' for synchronization
2014-03-04 18:29:45,930 Trac[session] DEBUG: Retrieving session for ID '891b20fc6f454d9dc59fad12'
2014-03-04 18:29:45,931 Trac[chrome] DEBUG: Prepare chrome data for request
2014-03-04 18:29:45,932 Trac[perm] DEBUG: No policy allowed anonymous performing TRAC_ADMIN on None
2014-03-04 18:29:45,932 Trac[perm] DEBUG: No policy allowed anonymous performing PERMISSION_GRANT on None
2014-03-04 18:29:45,932 Trac[perm] DEBUG: No policy allowed anonymous performing PERMISSION_REVOKE on None
2014-03-04 18:29:45,932 Trac[perm] DEBUG: No policy allowed anonymous performing TICKET_ADMIN on None
2014-03-04 18:29:45,932 Trac[perm] DEBUG: No policy allowed anonymous performing VERSIONCONTROL_ADMIN on None
2014-03-04 18:29:45,933 Trac[perm] DEBUG: No policy allowed anonymous performing TICKET_CREATE on None
2014-03-04 18:29:45,934 Trac[perm] DEBUG: No policy allowed anonymous performing EMAIL_VIEW on None
2014-03-04 18:29:46,164 Trac[main] DEBUG: Dispatching <RequestWithSession "GET '/chrome/site/your_project_logo.png'">
2014-03-04 18:29:46,165 Trac[chrome] WARNING: File your_project_logo.png not found in any of ['/prod/trac/htdocs']
2014-03-04 18:29:46,165 Trac[main] WARNING: [173.27.47.83] HTTPNotFound: 404 Not Found (File your_project_logo.png not found)
2014-03-04 18:29:46,166 Trac[session] DEBUG: Retrieving session for ID '891b20fc6f454d9dc59fad12'
2014-03-04 18:29:46,166 Trac[chrome] DEBUG: Prepare chrome data for request
2014-03-04 18:29:46,167 Trac[perm] DEBUG: No policy allowed anonymous performing TRAC_ADMIN on None
2014-03-04 18:29:46,167 Trac[perm] DEBUG: No policy allowed anonymous performing PERMISSION_GRANT on None
2014-03-04 18:29:46,167 Trac[perm] DEBUG: No policy allowed anonymous performing PERMISSION_REVOKE on None
2014-03-04 18:29:46,167 Trac[perm] DEBUG: No policy allowed anonymous performing TICKET_ADMIN on None
2014-03-04 18:29:46,167 Trac[perm] DEBUG: No policy allowed anonymous performing VERSIONCONTROL_ADMIN on None
2014-03-04 18:29:46,168 Trac[perm] DEBUG: No policy allowed anonymous performing TICKET_CREATE on None
2014-03-04 18:29:46,169 Trac[perm] DEBUG: No policy allowed anonymous performing EMAIL_VIEW on None
2014-03-04 18:29:54,055 Trac[main] DEBUG: Dispatching <RequestWithSession "POST '/login'">
2014-03-04 18:29:54,056 Trac[api] WARNING: Unable to find repository '(default)' for synchronization
2014-03-04 18:29:54,057 Trac[web_ui] DEBUG: LoginModule._remote_user: Authentication attempted for 'greg@warnes.net'
2014-03-04 18:29:54,057 Trac[auth_django] DEBUG: acct_mgr: checking password...
2014-03-04 18:29:54,060 Trac[auth_django] DEBUG: acct_mgr: user greg@warnes.net NOT authenticated
2014-03-04 18:29:54,060 Trac[web_ui] DEBUG: LoginModule.authenticate: Set 'REMOTE_USER' = 'None'
2014-03-04 18:29:54,060 Trac[web_ui] DEBUG: LoginModule.process_request: 'user_locked' = False
2014-03-04 18:29:54,061 Trac[session] DEBUG: Retrieving session for ID '891b20fc6f454d9dc59fad12'
2014-03-04 18:29:54,061 Trac[chrome] DEBUG: Prepare chrome data for request
2014-03-04 18:29:54,062 Trac[perm] DEBUG: No policy allowed anonymous performing TRAC_ADMIN on None
2014-03-04 18:29:54,062 Trac[perm] DEBUG: No policy allowed anonymous performing PERMISSION_GRANT on None
2014-03-04 18:29:54,062 Trac[perm] DEBUG: No policy allowed anonymous performing PERMISSION_REVOKE on None
2014-03-04 18:29:54,063 Trac[perm] DEBUG: No policy allowed anonymous performing TICKET_ADMIN on None
2014-03-04 18:29:54,063 Trac[perm] DEBUG: No policy allowed anonymous performing VERSIONCONTROL_ADMIN on None
2014-03-04 18:29:54,063 Trac[perm] DEBUG: No policy allowed anonymous performing TICKET_CREATE on None
2014-03-04 18:29:54,064 Trac[perm] DEBUG: No policy allowed anonymous performing EMAIL_VIEW on None
2014-03-04 18:29:54,400 Trac[main] DEBUG: Dispatching <RequestWithSession "GET '/chrome/site/your_project_logo.png'">
2014-03-04 18:29:54,400 Trac[chrome] WARNING: File your_project_logo.png not found in any of ['/prod/trac/htdocs']
2014-03-04 18:29:54,401 Trac[main] WARNING: [173.27.47.83] HTTPNotFound: 404 Not Found (File your_project_logo.png not found)
2014-03-04 18:29:54,401 Trac[session] DEBUG: Retrieving session for ID '891b20fc6f454d9dc59fad12'
2014-03-04 18:29:54,402 Trac[chrome] DEBUG: Prepare chrome data for request
2014-03-04 18:29:54,402 Trac[perm] DEBUG: No policy allowed anonymous performing TRAC_ADMIN on None
2014-03-04 18:29:54,402 Trac[perm] DEBUG: No policy allowed anonymous performing PERMISSION_GRANT on None
2014-03-04 18:29:54,403 Trac[perm] DEBUG: No policy allowed anonymous performing PERMISSION_REVOKE on None
2014-03-04 18:29:54,403 Trac[perm] DEBUG: No policy allowed anonymous performing TICKET_ADMIN on None
2014-03-04 18:29:54,403 Trac[perm] DEBUG: No policy allowed anonymous performing VERSIONCONTROL_ADMIN on None
2014-03-04 18:29:54,404 Trac[perm] DEBUG: No policy allowed anonymous performing TICKET_CREATE on None
2014-03-04 18:29:54,405 Trac[perm] DEBUG: No policy allowed anonymous performing EMAIL_VIEW on None
